[2024-12-08T17:57:50.169] [ERROR] error - /admin/get-error?page=1&pageSize=10 GET 404 UnauthorizedError: Authentication Error
    at Object.throw (F:\PlayUp\Project\LargeFrontEnd\code\Knowledge Community (PC)\Server\node_modules\koa\lib\context.js:97:11)
    at jwt (F:\PlayUp\Project\LargeFrontEnd\code\Knowledge Community (PC)\Server\node_modules\koa-jwt\lib\index.js:23:22)
    at F:\PlayUp\Project\LargeFrontEnd\code\Knowledge Community (PC)\Server\node_modules\koa-unless\index.js:29:12
    at next (F:\PlayUp\Project\LargeFrontEnd\code\Knowledge Community (PC)\Server\node_modules\koa-compose\index.js:42:32)
    at _default (F:\PlayUp\Project\LargeFrontEnd\code\Knowledge Community (PC)\Server\src\common\/errorHandle.js:8:11)
    at dispatch (F:\PlayUp\Project\LargeFrontEnd\code\Knowledge Community (PC)\Server\node_modules\koa-compose\index.js:42:32)
    at cors (F:\PlayUp\Project\LargeFrontEnd\code\Knowledge Community (PC)\Server\node_modules\@koa\cors\index.js:109:16)
    at serve (F:\PlayUp\Project\LargeFrontEnd\code\Knowledge Community (PC)\Server\node_modules\koa-static\index.js:53:9)
    at _default (F:\PlayUp\Project\LargeFrontEnd\code\Knowledge Community (PC)\Server\src\common\/logger.js:7:3)
[2024-12-08T17:59:54.672] [ERROR] error - /admin/get-error?page=1&pageSize=10 GET 404 UnauthorizedError: Authentication Error
    at Object.throw (F:\PlayUp\Project\LargeFrontEnd\code\Knowledge Community (PC)\Server\node_modules\koa\lib\context.js:97:11)
    at jwt (F:\PlayUp\Project\LargeFrontEnd\code\Knowledge Community (PC)\Server\node_modules\koa-jwt\lib\index.js:23:22)
    at F:\PlayUp\Project\LargeFrontEnd\code\Knowledge Community (PC)\Server\node_modules\koa-unless\index.js:29:12
    at next (F:\PlayUp\Project\LargeFrontEnd\code\Knowledge Community (PC)\Server\node_modules\koa-compose\index.js:42:32)
    at _default (F:\PlayUp\Project\LargeFrontEnd\code\Knowledge Community (PC)\Server\src\common\/errorHandle.js:8:11)
    at dispatch (F:\PlayUp\Project\LargeFrontEnd\code\Knowledge Community (PC)\Server\node_modules\koa-compose\index.js:42:32)
    at cors (F:\PlayUp\Project\LargeFrontEnd\code\Knowledge Community (PC)\Server\node_modules\@koa\cors\index.js:109:16)
    at serve (F:\PlayUp\Project\LargeFrontEnd\code\Knowledge Community (PC)\Server\node_modules\koa-static\index.js:53:9)
    at _default (F:\PlayUp\Project\LargeFrontEnd\code\Knowledge Community (PC)\Server\src\common\/logger.js:7:3)
[2024-12-08T18:02:08.805] [ERROR] error - /admin/get-error?page=1&pageSize=10 GET 404 UnauthorizedError: Authentication Error
    at Object.throw (F:\PlayUp\Project\LargeFrontEnd\code\Knowledge Community (PC)\Server\node_modules\koa\lib\context.js:97:11)
    at jwt (F:\PlayUp\Project\LargeFrontEnd\code\Knowledge Community (PC)\Server\node_modules\koa-jwt\lib\index.js:23:22)
    at F:\PlayUp\Project\LargeFrontEnd\code\Knowledge Community (PC)\Server\node_modules\koa-unless\index.js:29:12
    at next (F:\PlayUp\Project\LargeFrontEnd\code\Knowledge Community (PC)\Server\node_modules\koa-compose\index.js:42:32)
    at _default (F:\PlayUp\Project\LargeFrontEnd\code\Knowledge Community (PC)\Server\src\common\/errorHandle.js:8:11)
    at dispatch (F:\PlayUp\Project\LargeFrontEnd\code\Knowledge Community (PC)\Server\node_modules\koa-compose\index.js:42:32)
    at cors (F:\PlayUp\Project\LargeFrontEnd\code\Knowledge Community (PC)\Server\node_modules\@koa\cors\index.js:109:16)
    at serve (F:\PlayUp\Project\LargeFrontEnd\code\Knowledge Community (PC)\Server\node_modules\koa-static\index.js:53:9)
    at _default (F:\PlayUp\Project\LargeFrontEnd\code\Knowledge Community (PC)\Server\src\common\/logger.js:7:3)
